This is pdfTeX, Version 3.14159265-2.6-1.40.18 (TeX Live 2017/Debian) (preloaded format=pdflatex 2018.10.12)  29 OCT 2018 21:40
entering extended mode
 restricted \write18 enabled.
 %&-line parsing enabled.
**Programming2.tex
(./Programming2.tex
LaTeX2e <2017-04-15>
Babel <3.18> and hyphenation patterns for 84 language(s) loaded.
(/usr/share/texlive/texmf-dist/tex/latex/base/article.cls
Document Class: article 2014/09/29 v1.4h Standard LaTeX document class
(/usr/share/texlive/texmf-dist/tex/latex/base/size11.clo
File: size11.clo 2014/09/29 v1.4h Standard LaTeX file (size option)
)
\c@part=\count79
\c@section=\count80
\c@subsection=\count81
\c@subsubsection=\count82
\c@paragraph=\count83
\c@subparagraph=\count84
\c@figure=\count85
\c@table=\count86
\abovecaptionskip=\skip41
\belowcaptionskip=\skip42
\bibindent=\dimen102
)
(/usr/share/texlive/texmf-dist/tex/latex/base/fontenc.sty
Package: fontenc 2017/04/05 v2.0i Standard LaTeX package

(/usr/share/texlive/texmf-dist/tex/latex/base/t1enc.def
File: t1enc.def 2017/04/05 v2.0i Standard LaTeX file
LaTeX Font Info:    Redeclaring font encoding T1 on input line 48.
))
(/usr/share/texlive/texmf-dist/tex/latex/psnfss/mathpazo.sty
Package: mathpazo 2005/04/12 PSNFSS-v9.2a Palatino w/ Pazo Math (D.Puga, WaS) 
\symupright=\mathgroup4
)
(/usr/share/texlive/texmf-dist/tex/latex/graphics/graphicx.sty
Package: graphicx 2017/06/01 v1.1a Enhanced LaTeX Graphics (DPC,SPQR)

(/usr/share/texlive/texmf-dist/tex/latex/graphics/keyval.sty
Package: keyval 2014/10/28 v1.15 key=value parser (DPC)
\KV@toks@=\toks14
)
(/usr/share/texlive/texmf-dist/tex/latex/graphics/graphics.sty
Package: graphics 2017/06/25 v1.2c Standard LaTeX Graphics (DPC,SPQR)

(/usr/share/texlive/texmf-dist/tex/latex/graphics/trig.sty
Package: trig 2016/01/03 v1.10 sin cos tan (DPC)
)
(/usr/share/texlive/texmf-dist/tex/latex/graphics-cfg/graphics.cfg
File: graphics.cfg 2016/06/04 v1.11 sample graphics configuration
)
Package graphics Info: Driver file: pdftex.def on input line 99.

(/usr/share/texlive/texmf-dist/tex/latex/graphics-def/pdftex.def
File: pdftex.def 2018/01/08 v1.0l Graphics/color driver for pdftex
))
\Gin@req@height=\dimen103
\Gin@req@width=\dimen104
)
(/usr/share/texlive/texmf-dist/tex/latex/caption/caption.sty
Package: caption 2016/02/21 v3.3-144 Customizing captions (AR)

(/usr/share/texlive/texmf-dist/tex/latex/caption/caption3.sty
Package: caption3 2016/05/22 v1.7-166 caption3 kernel (AR)
Package caption3 Info: TeX engine: e-TeX on input line 67.
\captionmargin=\dimen105
\captionmargin@=\dimen106
\captionwidth=\dimen107
\caption@tempdima=\dimen108
\caption@indent=\dimen109
\caption@parindent=\dimen110
\caption@hangindent=\dimen111
)
\c@ContinuedFloat=\count87
)
(/usr/share/texlive/texmf-dist/tex/latex/adjustbox/adjustbox.sty
Package: adjustbox 2012/05/21 v1.0 Adjusting TeX boxes (trim, clip, ...)

(/usr/share/texlive/texmf-dist/tex/latex/xkeyval/xkeyval.sty
Package: xkeyval 2014/12/03 v2.7a package option processing (HA)

(/usr/share/texlive/texmf-dist/tex/generic/xkeyval/xkeyval.tex
(/usr/share/texlive/texmf-dist/tex/generic/xkeyval/xkvutils.tex
\XKV@toks=\toks15
\XKV@tempa@toks=\toks16
)
\XKV@depth=\count88
File: xkeyval.tex 2014/12/03 v2.7a key=value parser (HA)
))
(/usr/share/texlive/texmf-dist/tex/latex/adjustbox/adjcalc.sty
Package: adjcalc 2012/05/16 v1.1 Provides advanced setlength with multiple back
-ends (calc, etex, pgfmath)
)
(/usr/share/texlive/texmf-dist/tex/latex/adjustbox/trimclip.sty
Package: trimclip 2012/05/16 v1.0 Trim and clip general TeX material

(/usr/share/texlive/texmf-dist/tex/latex/collectbox/collectbox.sty
Package: collectbox 2012/05/17 v0.4b Collect macro arguments as boxes
\collectedbox=\box26
)
\tc@llx=\dimen112
\tc@lly=\dimen113
\tc@urx=\dimen114
\tc@ury=\dimen115
Package trimclip Info: Using driver 'tc-pdftex.def'.

(/usr/share/texlive/texmf-dist/tex/latex/adjustbox/tc-pdftex.def
File: tc-pdftex.def 2012/05/13 v1.0 Clipping driver for pdftex
))
\adjbox@Width=\dimen116
\adjbox@Height=\dimen117
\adjbox@Depth=\dimen118
\adjbox@Totalheight=\dimen119

(/usr/share/texlive/texmf-dist/tex/latex/ifoddpage/ifoddpage.sty
Package: ifoddpage 2016/04/23 v1.1 Conditionals for odd/even page detection
\c@checkoddpage=\count89
)
(/usr/share/texlive/texmf-dist/tex/latex/varwidth/varwidth.sty
Package: varwidth 2009/03/30 ver 0.92;  Variable-width minipages
\@vwid@box=\box27
\sift@deathcycles=\count90
\@vwid@loff=\dimen120
\@vwid@roff=\dimen121
))
(/usr/share/texlive/texmf-dist/tex/latex/float/float.sty
Package: float 2001/11/08 v1.3d Float enhancements (AL)
\c@float@type=\count91
\float@exts=\toks17
\float@box=\box28
\@float@everytoks=\toks18
\@floatcapt=\box29
)
(/usr/share/texlive/texmf-dist/tex/latex/xcolor/xcolor.sty
Package: xcolor 2016/05/11 v2.12 LaTeX color extensions (UK)

(/usr/share/texlive/texmf-dist/tex/latex/graphics-cfg/color.cfg
File: color.cfg 2016/01/02 v1.6 sample color configuration
)
Package xcolor Info: Driver file: pdftex.def on input line 225.
Package xcolor Info: Model `cmy' substituted by `cmy0' on input line 1348.
Package xcolor Info: Model `hsb' substituted by `rgb' on input line 1352.
Package xcolor Info: Model `RGB' extended on input line 1364.
Package xcolor Info: Model `HTML' substituted by `rgb' on input line 1366.
Package xcolor Info: Model `Hsb' substituted by `hsb' on input line 1367.
Package xcolor Info: Model `tHsb' substituted by `hsb' on input line 1368.
Package xcolor Info: Model `HSB' substituted by `hsb' on input line 1369.
Package xcolor Info: Model `Gray' substituted by `gray' on input line 1370.
Package xcolor Info: Model `wave' substituted by `hsb' on input line 1371.
)
(/usr/share/texlive/texmf-dist/tex/latex/tools/enumerate.sty
Package: enumerate 2015/07/23 v3.00 enumerate extensions (DPC)
\@enLab=\toks19
)
(/usr/share/texlive/texmf-dist/tex/latex/geometry/geometry.sty
Package: geometry 2010/09/12 v5.6 Page Geometry

(/usr/share/texlive/texmf-dist/tex/generic/oberdiek/ifpdf.sty
Package: ifpdf 2017/03/15 v3.2 Provides the ifpdf switch
)
(/usr/share/texlive/texmf-dist/tex/generic/oberdiek/ifvtex.sty
Package: ifvtex 2016/05/16 v1.6 Detect VTeX and its facilities (HO)
Package ifvtex Info: VTeX not detected.
)
(/usr/share/texlive/texmf-dist/tex/generic/ifxetex/ifxetex.sty
Package: ifxetex 2010/09/12 v0.6 Provides ifxetex conditional
)
\Gm@cnth=\count92
\Gm@cntv=\count93
\c@Gm@tempcnt=\count94
\Gm@bindingoffset=\dimen122
\Gm@wd@mp=\dimen123
\Gm@odd@mp=\dimen124
\Gm@even@mp=\dimen125
\Gm@layoutwidth=\dimen126
\Gm@layoutheight=\dimen127
\Gm@layouthoffset=\dimen128
\Gm@layoutvoffset=\dimen129
\Gm@dimlist=\toks20
)
(/usr/share/texlive/texmf-dist/tex/latex/amsmath/amsmath.sty
Package: amsmath 2017/09/02 v2.17a AMS math features
\@mathmargin=\skip43

For additional information on amsmath, use the `?' option.
(/usr/share/texlive/texmf-dist/tex/latex/amsmath/amstext.sty
Package: amstext 2000/06/29 v2.01 AMS text

(/usr/share/texlive/texmf-dist/tex/latex/amsmath/amsgen.sty
File: amsgen.sty 1999/11/30 v2.0 generic functions
\@emptytoks=\toks21
\ex@=\dimen130
))
(/usr/share/texlive/texmf-dist/tex/latex/amsmath/amsbsy.sty
Package: amsbsy 1999/11/29 v1.2d Bold Symbols
\pmbraise@=\dimen131
)
(/usr/share/texlive/texmf-dist/tex/latex/amsmath/amsopn.sty
Package: amsopn 2016/03/08 v2.02 operator names
)
\inf@bad=\count95
LaTeX Info: Redefining \frac on input line 213.
\uproot@=\count96
\leftroot@=\count97
LaTeX Info: Redefining \overline on input line 375.
\classnum@=\count98
\DOTSCASE@=\count99
LaTeX Info: Redefining \ldots on input line 472.
LaTeX Info: Redefining \dots on input line 475.
LaTeX Info: Redefining \cdots on input line 596.
\Mathstrutbox@=\box30
\strutbox@=\box31
\big@size=\dimen132
LaTeX Font Info:    Redeclaring font encoding OML on input line 712.
LaTeX Font Info:    Redeclaring font encoding OMS on input line 713.
\macc@depth=\count100
\c@MaxMatrixCols=\count101
\dotsspace@=\muskip10
\c@parentequation=\count102
\dspbrk@lvl=\count103
\tag@help=\toks22
\row@=\count104
\column@=\count105
\maxfields@=\count106
\andhelp@=\toks23
\eqnshift@=\dimen133
\alignsep@=\dimen134
\tagshift@=\dimen135
\tagwidth@=\dimen136
\totwidth@=\dimen137
\lineht@=\dimen138
\@envbody=\toks24
\multlinegap=\skip44
\multlinetaggap=\skip45
\mathdisplay@stack=\toks25
LaTeX Info: Redefining \[ on input line 2817.
LaTeX Info: Redefining \] on input line 2818.
)
(/usr/share/texlive/texmf-dist/tex/latex/amsfonts/amssymb.sty
Package: amssymb 2013/01/14 v3.01 AMS font symbols

(/usr/share/texlive/texmf-dist/tex/latex/amsfonts/amsfonts.sty
Package: amsfonts 2013/01/14 v3.01 Basic AMSFonts support
\symAMSa=\mathgroup5
\symAMSb=\mathgroup6
LaTeX Font Info:    Overwriting math alphabet `\mathfrak' in version `bold'
(Font)                  U/euf/m/n --> U/euf/b/n on input line 106.
))
(/usr/share/texlive/texmf-dist/tex/latex/base/textcomp.sty
Package: textcomp 2017/04/05 v2.0i Standard LaTeX package
Package textcomp Info: Sub-encoding information:
(textcomp)               5 = only ISO-Adobe without \textcurrency
(textcomp)               4 = 5 + \texteuro
(textcomp)               3 = 4 + \textohm
(textcomp)               2 = 3 + \textestimated + \textcurrency
(textcomp)               1 = TS1 - \textcircled - \t
(textcomp)               0 = TS1 (full)
(textcomp)             Font families with sub-encoding setting implement
(textcomp)             only a restricted character set as indicated.
(textcomp)             Family '?' is the default used for unknown fonts.
(textcomp)             See the documentation for details.
Package textcomp Info: Setting ? sub-encoding to TS1/1 on input line 79.

(/usr/share/texlive/texmf-dist/tex/latex/base/ts1enc.def
File: ts1enc.def 2001/06/05 v3.0e (jk/car/fm) Standard LaTeX file
)
LaTeX Info: Redefining \oldstylenums on input line 334.
Package textcomp Info: Setting cmr sub-encoding to TS1/0 on input line 349.
Package textcomp Info: Setting cmss sub-encoding to TS1/0 on input line 350.
Package textcomp Info: Setting cmtt sub-encoding to TS1/0 on input line 351.
Package textcomp Info: Setting cmvtt sub-encoding to TS1/0 on input line 352.
Package textcomp Info: Setting cmbr sub-encoding to TS1/0 on input line 353.
Package textcomp Info: Setting cmtl sub-encoding to TS1/0 on input line 354.
Package textcomp Info: Setting ccr sub-encoding to TS1/0 on input line 355.
Package textcomp Info: Setting ptm sub-encoding to TS1/4 on input line 356.
Package textcomp Info: Setting pcr sub-encoding to TS1/4 on input line 357.
Package textcomp Info: Setting phv sub-encoding to TS1/4 on input line 358.
Package textcomp Info: Setting ppl sub-encoding to TS1/3 on input line 359.
Package textcomp Info: Setting pag sub-encoding to TS1/4 on input line 360.
Package textcomp Info: Setting pbk sub-encoding to TS1/4 on input line 361.
Package textcomp Info: Setting pnc sub-encoding to TS1/4 on input line 362.
Package textcomp Info: Setting pzc sub-encoding to TS1/4 on input line 363.
Package textcomp Info: Setting bch sub-encoding to TS1/4 on input line 364.
Package textcomp Info: Setting put sub-encoding to TS1/5 on input line 365.
Package textcomp Info: Setting uag sub-encoding to TS1/5 on input line 366.
Package textcomp Info: Setting ugq sub-encoding to TS1/5 on input line 367.
Package textcomp Info: Setting ul8 sub-encoding to TS1/4 on input line 368.
Package textcomp Info: Setting ul9 sub-encoding to TS1/4 on input line 369.
Package textcomp Info: Setting augie sub-encoding to TS1/5 on input line 370.
Package textcomp Info: Setting dayrom sub-encoding to TS1/3 on input line 371.
Package textcomp Info: Setting dayroms sub-encoding to TS1/3 on input line 372.

Package textcomp Info: Setting pxr sub-encoding to TS1/0 on input line 373.
Package textcomp Info: Setting pxss sub-encoding to TS1/0 on input line 374.
Package textcomp Info: Setting pxtt sub-encoding to TS1/0 on input line 375.
Package textcomp Info: Setting txr sub-encoding to TS1/0 on input line 376.
Package textcomp Info: Setting txss sub-encoding to TS1/0 on input line 377.
Package textcomp Info: Setting txtt sub-encoding to TS1/0 on input line 378.
Package textcomp Info: Setting lmr sub-encoding to TS1/0 on input line 379.
Package textcomp Info: Setting lmdh sub-encoding to TS1/0 on input line 380.
Package textcomp Info: Setting lmss sub-encoding to TS1/0 on input line 381.
Package textcomp Info: Setting lmssq sub-encoding to TS1/0 on input line 382.
Package textcomp Info: Setting lmvtt sub-encoding to TS1/0 on input line 383.
Package textcomp Info: Setting lmtt sub-encoding to TS1/0 on input line 384.
Package textcomp Info: Setting qhv sub-encoding to TS1/0 on input line 385.
Package textcomp Info: Setting qag sub-encoding to TS1/0 on input line 386.
Package textcomp Info: Setting qbk sub-encoding to TS1/0 on input line 387.
Package textcomp Info: Setting qcr sub-encoding to TS1/0 on input line 388.
Package textcomp Info: Setting qcs sub-encoding to TS1/0 on input line 389.
Package textcomp Info: Setting qpl sub-encoding to TS1/0 on input line 390.
Package textcomp Info: Setting qtm sub-encoding to TS1/0 on input line 391.
Package textcomp Info: Setting qzc sub-encoding to TS1/0 on input line 392.
Package textcomp Info: Setting qhvc sub-encoding to TS1/0 on input line 393.
Package textcomp Info: Setting futs sub-encoding to TS1/4 on input line 394.
Package textcomp Info: Setting futx sub-encoding to TS1/4 on input line 395.
Package textcomp Info: Setting futj sub-encoding to TS1/4 on input line 396.
Package textcomp Info: Setting hlh sub-encoding to TS1/3 on input line 397.
Package textcomp Info: Setting hls sub-encoding to TS1/3 on input line 398.
Package textcomp Info: Setting hlst sub-encoding to TS1/3 on input line 399.
Package textcomp Info: Setting hlct sub-encoding to TS1/5 on input line 400.
Package textcomp Info: Setting hlx sub-encoding to TS1/5 on input line 401.
Package textcomp Info: Setting hlce sub-encoding to TS1/5 on input line 402.
Package textcomp Info: Setting hlcn sub-encoding to TS1/5 on input line 403.
Package textcomp Info: Setting hlcw sub-encoding to TS1/5 on input line 404.
Package textcomp Info: Setting hlcf sub-encoding to TS1/5 on input line 405.
Package textcomp Info: Setting pplx sub-encoding to TS1/3 on input line 406.
Package textcomp Info: Setting pplj sub-encoding to TS1/3 on input line 407.
Package textcomp Info: Setting ptmx sub-encoding to TS1/4 on input line 408.
Package textcomp Info: Setting ptmj sub-encoding to TS1/4 on input line 409.
)
(/usr/share/texlive/texmf-dist/tex/latex/upquote/upquote.sty
Package: upquote 2012/04/19 v1.3 upright-quote and grave-accent glyphs in verba
tim
)
(/usr/share/texlive/texmf-dist/tex/latex/eurosym/eurosym.sty
Package: eurosym 1998/08/06 v1.1 European currency symbol ``Euro''
\@eurobox=\box32
)
(/usr/share/texlive/texmf-dist/tex/latex/ucs/ucs.sty
Package: ucs 2013/05/11 v2.2 UCS: Unicode input support

(/usr/share/texlive/texmf-dist/tex/latex/ucs/data/uni-global.def
File: uni-global.def 2013/05/13 UCS: Unicode global data
)
\uc@secondtry=\count107
\uc@combtoks=\toks26
\uc@combtoksb=\toks27
\uc@temptokena=\toks28
)
(/usr/share/texlive/texmf-dist/tex/latex/base/inputenc.sty
Package: inputenc 2015/03/17 v1.2c Input encoding file
\inpenc@prehook=\toks29
\inpenc@posthook=\toks30

(/usr/share/texlive/texmf-dist/tex/latex/ucs/utf8x.def
File: utf8x.def 2004/10/17 UCS: Input encoding UTF-8
))
(/usr/share/texlive/texmf-dist/tex/latex/fancyvrb/fancyvrb.sty
Package: fancyvrb 2008/02/07

Style option: `fancyvrb' v2.7a, with DG/SPQR fixes, and firstline=lastline fix 
<2008/02/07> (tvz)
\FV@CodeLineNo=\count108
\FV@InFile=\read1
\FV@TabBox=\box33
\c@FancyVerbLine=\count109
\FV@StepNumber=\count110
\FV@OutFile=\write3
)
(/usr/share/texlive/texmf-dist/tex/latex/oberdiek/grffile.sty
Package: grffile 2017/06/30 v1.18 Extended file name support for graphics (HO)

(/usr/share/texlive/texmf-dist/tex/latex/oberdiek/kvoptions.sty
Package: kvoptions 2016/05/16 v3.12 Key value format for package options (HO)

(/usr/share/texlive/texmf-dist/tex/generic/oberdiek/ltxcmds.sty
Package: ltxcmds 2016/05/16 v1.23 LaTeX kernel commands for general use (HO)
)
(/usr/share/texlive/texmf-dist/tex/generic/oberdiek/kvsetkeys.sty
Package: kvsetkeys 2016/05/16 v1.17 Key value parser (HO)

(/usr/share/texlive/texmf-dist/tex/generic/oberdiek/infwarerr.sty
Package: infwarerr 2016/05/16 v1.4 Providing info/warning/error messages (HO)
)
(/usr/share/texlive/texmf-dist/tex/generic/oberdiek/etexcmds.sty
Package: etexcmds 2016/05/16 v1.6 Avoid name clashes with e-TeX commands (HO)

(/usr/share/texlive/texmf-dist/tex/generic/oberdiek/ifluatex.sty
Package: ifluatex 2016/05/16 v1.4 Provides the ifluatex switch (HO)
Package ifluatex Info: LuaTeX not detected.
)
Package etexcmds Info: Could not find \expanded.
(etexcmds)             That can mean that you are not using pdfTeX 1.50 or
(etexcmds)             that some package has redefined \expanded.
(etexcmds)             In the latter case, load this package earlier.
)))
(/usr/share/texlive/texmf-dist/tex/generic/oberdiek/pdftexcmds.sty
Package: pdftexcmds 2018/01/21 v0.26 Utility functions of pdfTeX for LuaTeX (HO
)
Package pdftexcmds Info: LuaTeX not detected.
Package pdftexcmds Info: \pdf@primitive is available.
Package pdftexcmds Info: \pdf@ifprimitive is available.
Package pdftexcmds Info: \pdfdraftmode found.
)
Package grffile Info: Option `multidot' is set to `true'.
Package grffile Info: Option `extendedchars' is set to `false'.
Package grffile Info: Option `space' is set to `true'.
Package grffile Info: \Gin@ii of package `graphicx' fixed on input line 494.
)
(/usr/share/texlive/texmf-dist/tex/latex/hyperref/hyperref.sty
Package: hyperref 2018/02/06 v6.86b Hypertext links for LaTeX

(/usr/share/texlive/texmf-dist/tex/generic/oberdiek/hobsub-hyperref.sty
Package: hobsub-hyperref 2016/05/16 v1.14 Bundle oberdiek, subset hyperref (HO)


(/usr/share/texlive/texmf-dist/tex/generic/oberdiek/hobsub-generic.sty
Package: hobsub-generic 2016/05/16 v1.14 Bundle oberdiek, subset generic (HO)
Package: hobsub 2016/05/16 v1.14 Construct package bundles (HO)
Package hobsub Info: Skipping package `infwarerr' (already loaded).
Package hobsub Info: Skipping package `ltxcmds' (already loaded).
Package hobsub Info: Skipping package `ifluatex' (already loaded).
Package hobsub Info: Skipping package `ifvtex' (already loaded).
Package: intcalc 2016/05/16 v1.2 Expandable calculations with integers (HO)
Package hobsub Info: Skipping package `ifpdf' (already loaded).
Package hobsub Info: Skipping package `etexcmds' (already loaded).
Package hobsub Info: Skipping package `kvsetkeys' (already loaded).
Package: kvdefinekeys 2016/05/16 v1.4 Define keys (HO)
Package hobsub Info: Skipping package `pdftexcmds' (already loaded).
Package: pdfescape 2016/05/16 v1.14 Implements pdfTeX's escape features (HO)
Package: bigintcalc 2016/05/16 v1.4 Expandable calculations on big integers (HO
)
Package: bitset 2016/05/16 v1.2 Handle bit-vector datatype (HO)
Package: uniquecounter 2016/05/16 v1.3 Provide unlimited unique counter (HO)
)
Package hobsub Info: Skipping package `hobsub' (already loaded).
Package: letltxmacro 2016/05/16 v1.5 Let assignment for LaTeX macros (HO)
Package: hopatch 2016/05/16 v1.3 Wrapper for package hooks (HO)
Package: xcolor-patch 2016/05/16 xcolor patch
Package: atveryend 2016/05/16 v1.9 Hooks at the very end of document (HO)
Package atveryend Info: \enddocument detected (standard20110627).
Package: atbegshi 2016/06/09 v1.18 At begin shipout hook (HO)
Package: refcount 2016/05/16 v3.5 Data extraction from label references (HO)
Package: hycolor 2016/05/16 v1.8 Color options for hyperref/bookmark (HO)
)
(/usr/share/texlive/texmf-dist/tex/latex/oberdiek/auxhook.sty
Package: auxhook 2016/05/16 v1.4 Hooks for auxiliary files (HO)
)
\@linkdim=\dimen139
\Hy@linkcounter=\count111
\Hy@pagecounter=\count112

(/usr/share/texlive/texmf-dist/tex/latex/hyperref/pd1enc.def
File: pd1enc.def 2018/02/06 v6.86b Hyperref: PDFDocEncoding definition (HO)
)
\Hy@SavedSpaceFactor=\count113

(/usr/share/texlive/texmf-dist/tex/latex/latexconfig/hyperref.cfg
File: hyperref.cfg 2002/06/06 v1.2 hyperref configuration of TeXLive
)
Package hyperref Info: Hyper figures OFF on input line 4509.
Package hyperref Info: Link nesting OFF on input line 4514.
Package hyperref Info: Hyper index ON on input line 4517.
Package hyperref Info: Plain pages OFF on input line 4524.
Package hyperref Info: Backreferencing OFF on input line 4529.
Package hyperref Info: Implicit mode ON; LaTeX internals redefined.
Package hyperref Info: Bookmarks ON on input line 4762.
\c@Hy@tempcnt=\count114

(/usr/share/texlive/texmf-dist/tex/latex/url/url.sty
\Urlmuskip=\muskip11
Package: url 2013/09/16  ver 3.4  Verb mode for urls, etc.
)
LaTeX Info: Redefining \url on input line 5115.
\XeTeXLinkMargin=\dimen140
\Fld@menulength=\count115
\Field@Width=\dimen141
\Fld@charsize=\dimen142
Package hyperref Info: Hyper figures OFF on input line 6369.
Package hyperref Info: Link nesting OFF on input line 6374.
Package hyperref Info: Hyper index ON on input line 6377.
Package hyperref Info: backreferencing OFF on input line 6384.
Package hyperref Info: Link coloring OFF on input line 6389.
Package hyperref Info: Link coloring with OCG OFF on input line 6394.
Package hyperref Info: PDF/A mode OFF on input line 6399.
LaTeX Info: Redefining \ref on input line 6439.
LaTeX Info: Redefining \pageref on input line 6443.
\Hy@abspage=\count116
\c@Item=\count117
\c@Hfootnote=\count118
)
Package hyperref Info: Driver (autodetected): hpdftex.

(/usr/share/texlive/texmf-dist/tex/latex/hyperref/hpdftex.def
File: hpdftex.def 2018/02/06 v6.86b Hyperref driver for pdfTeX
\Fld@listcount=\count119
\c@bookmark@seq@number=\count120

(/usr/share/texlive/texmf-dist/tex/latex/oberdiek/rerunfilecheck.sty
Package: rerunfilecheck 2016/05/16 v1.8 Rerun checks for auxiliary files (HO)
Package uniquecounter Info: New unique counter `rerunfilecheck' on input line 2
82.
)
\Hy@SectionHShift=\skip46
)
(/usr/share/texlive/texmf-dist/tex/latex/tools/longtable.sty
Package: longtable 2014/10/28 v4.11 Multi-page Table package (DPC)
\LTleft=\skip47
\LTright=\skip48
\LTpre=\skip49
\LTpost=\skip50
\LTchunksize=\count121
\LTcapwidth=\dimen143
\LT@head=\box34
\LT@firsthead=\box35
\LT@foot=\box36
\LT@lastfoot=\box37
\LT@cols=\count122
\LT@rows=\count123
\c@LT@tables=\count124
\c@LT@chunks=\count125
\LT@p@ftn=\toks31
)
(/usr/share/texlive/texmf-dist/tex/latex/booktabs/booktabs.sty
Package: booktabs 2016/04/27 v1.618033 publication quality tables
\heavyrulewidth=\dimen144
\lightrulewidth=\dimen145
\cmidrulewidth=\dimen146
\belowrulesep=\dimen147
\belowbottomsep=\dimen148
\aboverulesep=\dimen149
\abovetopsep=\dimen150
\cmidrulesep=\dimen151
\cmidrulekern=\dimen152
\defaultaddspace=\dimen153
\@cmidla=\count126
\@cmidlb=\count127
\@aboverulesep=\dimen154
\@belowrulesep=\dimen155
\@thisruleclass=\count128
\@lastruleclass=\count129
\@thisrulewidth=\dimen156
)
(/usr/share/texlive/texmf-dist/tex/latex/enumitem/enumitem.sty
Package: enumitem 2011/09/28 v3.5.2 Customized lists
\labelindent=\skip51
\enit@outerparindent=\dimen157
\enit@toks=\toks32
\enit@inbox=\box38
\enitdp@description=\count130
)
(/usr/share/texlive/texmf-dist/tex/generic/ulem/ulem.sty
\UL@box=\box39
\UL@hyphenbox=\box40
\UL@skip=\skip52
\UL@hook=\toks33
\UL@height=\dimen158
\UL@pe=\count131
\UL@pixel=\dimen159
\ULC@box=\box41
Package: ulem 2012/05/18
\ULdepth=\dimen160
)
(/usr/share/texlive/texmf-dist/tex/latex/jknapltx/mathrsfs.sty
Package: mathrsfs 1996/01/01 Math RSFS package v1.0 (jk)
\symrsfs=\mathgroup7
)
Package hyperref Info: Option `breaklinks' set `true' on input line 277.
Package hyperref Info: Option `colorlinks' set `true' on input line 277.

(./Programming2.aux

LaTeX Warning: Label `logisticregression' multiply defined.


LaTeX Warning: Label `decisiontree' multiply defined.


LaTeX Warning: Label `downsample' multiply defined.


LaTeX Warning: Label `upsample' multiply defined.


LaTeX Warning: Label `multilayerperceptron' multiply defined.


LaTeX Warning: Label `downsample' multiply defined.


LaTeX Warning: Label `upsample' multiply defined.

)
\openout1 = `Programming2.aux'.

LaTeX Font Info:    Checking defaults for OML/cmm/m/it on input line 284.
LaTeX Font Info:    ... okay on input line 284.
LaTeX Font Info:    Checking defaults for T1/cmr/m/n on input line 284.
LaTeX Font Info:    ... okay on input line 284.
LaTeX Font Info:    Checking defaults for OT1/cmr/m/n on input line 284.
LaTeX Font Info:    ... okay on input line 284.
LaTeX Font Info:    Checking defaults for OMS/cmsy/m/n on input line 284.
LaTeX Font Info:    ... okay on input line 284.
LaTeX Font Info:    Checking defaults for OMX/cmex/m/n on input line 284.
LaTeX Font Info:    ... okay on input line 284.
LaTeX Font Info:    Checking defaults for U/cmr/m/n on input line 284.
LaTeX Font Info:    ... okay on input line 284.
LaTeX Font Info:    Checking defaults for TS1/cmr/m/n on input line 284.
LaTeX Font Info:    Try loading font information for TS1+cmr on input line 284.

 (/usr/share/texlive/texmf-dist/tex/latex/base/ts1cmr.fd
File: ts1cmr.fd 2014/09/29 v2.5h Standard LaTeX font definitions
)
LaTeX Font Info:    ... okay on input line 284.
LaTeX Font Info:    Checking defaults for PD1/pdf/m/n on input line 284.
LaTeX Font Info:    ... okay on input line 284.
LaTeX Font Info:    Try loading font information for T1+ppl on input line 284.

(/usr/share/texlive/texmf-dist/tex/latex/psnfss/t1ppl.fd
File: t1ppl.fd 2001/06/04 font definitions for T1/ppl.
)
(/usr/share/texlive/texmf-dist/tex/context/base/mkii/supp-pdf.mkii
[Loading MPS to PDF converter (version 2006.09.02).]
\scratchcounter=\count132
\scratchdimen=\dimen161
\scratchbox=\box42
\nofMPsegments=\count133
\nofMParguments=\count134
\everyMPshowfont=\toks34
\MPscratchCnt=\count135
\MPscratchDim=\dimen162
\MPnumerator=\count136
\makeMPintoPDFobject=\count137
\everyMPtoPDFconversion=\toks35
) (/usr/share/texlive/texmf-dist/tex/latex/oberdiek/epstopdf-base.sty
Package: epstopdf-base 2016/05/15 v2.6 Base part for package epstopdf

(/usr/share/texlive/texmf-dist/tex/latex/oberdiek/grfext.sty
Package: grfext 2016/05/16 v1.2 Manage graphics extensions (HO)
)
Package epstopdf-base Info: Redefining graphics rule for `.eps' on input line 4
38.
Package grfext Info: Graphics extension search list:
(grfext)             [.pdf,.png,.jpg,.mps,.jpeg,.jbig2,.jb2,.PDF,.PNG,.JPG,.JPE
G,.JBIG2,.JB2,.eps]
(grfext)             \AppendGraphicsExtensions on input line 456.

(/usr/share/texlive/texmf-dist/tex/latex/latexconfig/epstopdf-sys.cfg
File: epstopdf-sys.cfg 2010/07/13 v1.3 Configuration of (r)epstopdf for TeX Liv
e
))
Package caption Info: Begin \AtBeginDocument code.
Package caption Info: float package is loaded.
Package caption Info: hyperref package is loaded.
Package caption Info: longtable package is loaded.

(/usr/share/texlive/texmf-dist/tex/latex/caption/ltcaption.sty
Package: ltcaption 2013/06/09 v1.4-94 longtable captions (AR)
)
Package caption Info: End \AtBeginDocument code.

*geometry* driver: auto-detecting
*geometry* detected driver: pdftex

Package geometry Warning: The marginal notes overrun the paper.
     Add 66.15456pt and more to the right margin.

*geometry* verbose mode - [ preamble ] result:
* driver: pdftex
* paper: <default>
* layout: <same size as paper>
* layoutoffset:(h,v)=(0.0pt,0.0pt)
* modes: 
* h-part:(L,W,R)=(28.45274pt, 582.99681pt, 2.84544pt)
* v-part:(T,H,B)=(72.26999pt, 650.43001pt, 72.26999pt)
* \paperwidth=614.295pt
* \paperheight=794.96999pt
* \textwidth=582.99681pt
* \textheight=650.43001pt
* \oddsidemargin=-43.81725pt
* \evensidemargin=-43.81725pt
* \topmargin=-37.0pt
* \headheight=12.0pt
* \headsep=25.0pt
* \topskip=11.0pt
* \footskip=30.0pt
* \marginparwidth=59.0pt
* \marginparsep=10.0pt
* \columnsep=10.0pt
* \skip\footins=10.0pt plus 4.0pt minus 2.0pt
* \hoffset=0.0pt
* \voffset=0.0pt
* \mag=1000
* \@twocolumnfalse
* \@twosidefalse
* \@mparswitchfalse
* \@reversemarginfalse
* (1in=72.27pt=25.4mm, 1cm=28.453pt)

(/usr/share/texlive/texmf-dist/tex/latex/ucs/ucsencs.def
File: ucsencs.def 2011/01/21 Fixes to fontencodings LGR, T3
)
\AtBeginShipoutBox=\box43
Package hyperref Info: Link coloring ON on input line 284.

(/usr/share/texlive/texmf-dist/tex/latex/hyperref/nameref.sty
Package: nameref 2016/05/21 v2.44 Cross-referencing by name of section

(/usr/share/texlive/texmf-dist/tex/generic/oberdiek/gettitlestring.sty
Package: gettitlestring 2016/05/16 v1.5 Cleanup title references (HO)
)
\c@section@level=\count138
)
LaTeX Info: Redefining \ref on input line 284.
LaTeX Info: Redefining \pageref on input line 284.
LaTeX Info: Redefining \nameref on input line 284.

(./Programming2.out) (./Programming2.out)
\@outlinefile=\write4
\openout4 = `Programming2.out'.

LaTeX Font Info:    Try loading font information for OT1+ppl on input line 288.


(/usr/share/texlive/texmf-dist/tex/latex/psnfss/ot1ppl.fd
File: ot1ppl.fd 2001/06/04 font definitions for OT1/ppl.
)
LaTeX Font Info:    Try loading font information for OML+zplm on input line 288
.

(/usr/share/texlive/texmf-dist/tex/latex/psnfss/omlzplm.fd
File: omlzplm.fd 2002/09/08 Fontinst v1.914 font definitions for OML/zplm.
)
LaTeX Font Info:    Try loading font information for OMS+zplm on input line 288
.

(/usr/share/texlive/texmf-dist/tex/latex/psnfss/omszplm.fd
File: omszplm.fd 2002/09/08 Fontinst v1.914 font definitions for OMS/zplm.
)
LaTeX Font Info:    Try loading font information for OMX+zplm on input line 288
.

(/usr/share/texlive/texmf-dist/tex/latex/psnfss/omxzplm.fd
File: omxzplm.fd 2002/09/08 Fontinst v1.914 font definitions for OMX/zplm.
)
LaTeX Font Info:    Try loading font information for OT1+zplm on input line 288
.

(/usr/share/texlive/texmf-dist/tex/latex/psnfss/ot1zplm.fd
File: ot1zplm.fd 2002/09/08 Fontinst v1.914 font definitions for OT1/zplm.
)
LaTeX Font Info:    Font shape `U/msa/m/n' will be
(Font)              scaled to size 12.50409pt on input line 288.
LaTeX Font Info:    Font shape `U/msa/m/n' will be
(Font)              scaled to size 9.37807pt on input line 288.
LaTeX Font Info:    Font shape `U/msa/m/n' will be
(Font)              scaled to size 7.29405pt on input line 288.
LaTeX Font Info:    Font shape `U/msb/m/n' will be
(Font)              scaled to size 12.50409pt on input line 288.
LaTeX Font Info:    Font shape `U/msb/m/n' will be
(Font)              scaled to size 9.37807pt on input line 288.
LaTeX Font Info:    Font shape `U/msb/m/n' will be
(Font)              scaled to size 7.29405pt on input line 288.
LaTeX Font Info:    Try loading font information for U+rsfs on input line 288.

(/usr/share/texlive/texmf-dist/tex/latex/jknapltx/ursfs.fd
File: ursfs.fd 1998/03/24 rsfs font definition file (jk)
)
LaTeX Font Info:    Font shape `T1/ppl/bx/n' in size <12> not available
(Font)              Font shape `T1/ppl/b/n' tried instead on input line 292.
LaTeX Font Info:    Try loading font information for T1+cmtt on input line 294.


(/usr/share/texlive/texmf-dist/tex/latex/base/t1cmtt.fd
File: t1cmtt.fd 2014/09/29 v2.5h Standard LaTeX font definitions
)
LaTeX Font Info:    Font shape `T1/cmtt/bx/n' in size <10.95> not available
(Font)              Font shape `T1/cmtt/m/n' tried instead on input line 295.
LaTeX Font Info:    Try loading font information for TS1+cmtt on input line 313
.

(/usr/share/texlive/texmf-dist/tex/latex/base/ts1cmtt.fd
File: ts1cmtt.fd 2014/09/29 v2.5h Standard LaTeX font definitions
) [1

{/var/lib/texmf/fonts/map/pdftex/updmap/pdftex.map}] [2] [3] [4]
LaTeX Font Info:    Font shape `T1/ppl/bx/n' in size <14.4> not available
(Font)              Font shape `T1/ppl/b/n' tried instead on input line 513.
LaTeX Font Info:    Try loading font information for TS1+ppl on input line 521.


(/usr/share/texlive/texmf-dist/tex/latex/psnfss/ts1ppl.fd
File: ts1ppl.fd 2001/06/04 font definitions for TS1/ppl.
)
LaTeX Font Info:    Font shape `U/msa/m/n' will be
(Font)              scaled to size 11.40997pt on input line 536.
LaTeX Font Info:    Font shape `U/msa/m/n' will be
(Font)              scaled to size 8.33606pt on input line 536.
LaTeX Font Info:    Font shape `U/msa/m/n' will be
(Font)              scaled to size 6.25204pt on input line 536.
LaTeX Font Info:    Font shape `U/msb/m/n' will be
(Font)              scaled to size 11.40997pt on input line 536.
LaTeX Font Info:    Font shape `U/msb/m/n' will be
(Font)              scaled to size 8.33606pt on input line 536.
LaTeX Font Info:    Font shape `U/msb/m/n' will be
(Font)              scaled to size 6.25204pt on input line 536.
<1.png, id=29, 532.99126pt x 336.25626pt>
File: 1.png Graphic file (type png)
<use 1.png>
Package pdftex.def Info: 1.png  used on input line 540.
(pdftex.def)             Requested size: 426.39359pt x 269.01563pt.
 [5]
LaTeX Font Info:    Font shape `T1/ppl/bx/n' in size <10.95> not available
(Font)              Font shape `T1/ppl/b/n' tried instead on input line 558.
 [6 <./1.png>]
<output_10_3.png, id=45, 360.34625pt x 252.945pt>
File: output_10_3.png Graphic file (type png)
<use output_10_3.png>
Package pdftex.def Info: output_10_3.png  used on input line 583.
(pdftex.def)             Requested size: 360.34537pt x 252.94438pt.

Underfull \hbox (badness 10000) in paragraph at lines 585--586

 []

<output_10_7.png, id=46, 360.34625pt x 252.945pt>
File: output_10_7.png Graphic file (type png)
<use output_10_7.png>
Package pdftex.def Info: output_10_7.png  used on input line 603.
(pdftex.def)             Requested size: 360.34537pt x 252.94438pt.

Underfull \hbox (badness 10000) in paragraph at lines 605--606

 []

<output_10_11.png, id=47, 360.34625pt x 252.945pt>
File: output_10_11.png Graphic file (type png)
<use output_10_11.png>
Package pdftex.def Info: output_10_11.png  used on input line 623.
(pdftex.def)             Requested size: 360.34537pt x 252.94438pt.
[7 <./output_10_3.png> <./output_10_7.png>]
Underfull \hbox (badness 10000) in paragraph at lines 625--626

 []

<output_10_15.png, id=55, 360.34625pt x 252.945pt>
File: output_10_15.png Graphic file (type png)
<use output_10_15.png>
Package pdftex.def Info: output_10_15.png  used on input line 644.
(pdftex.def)             Requested size: 360.34537pt x 252.94438pt.

Underfull \hbox (badness 10000) in paragraph at lines 646--647

 []

<output_10_19.png, id=56, 360.34625pt x 252.945pt>
File: output_10_19.png Graphic file (type png)
<use output_10_19.png>
Package pdftex.def Info: output_10_19.png  used on input line 665.
(pdftex.def)             Requested size: 360.34537pt x 252.94438pt.
[8 <./output_10_11.png> <./output_10_15.png>]
Underfull \hbox (badness 10000) in paragraph at lines 667--668

 []

<output_10_21.png, id=63, 376.40625pt x 252.945pt>
File: output_10_21.png Graphic file (type png)
<use output_10_21.png>
Package pdftex.def Info: output_10_21.png  used on input line 679.
(pdftex.def)             Requested size: 376.40532pt x 252.94438pt.

Underfull \hbox (badness 10000) in paragraph at lines 681--682

 []

<output_12_4.png, id=64, 360.34625pt x 252.945pt>
File: output_12_4.png Graphic file (type png)
<use output_12_4.png>
Package pdftex.def Info: output_12_4.png  used on input line 715.
(pdftex.def)             Requested size: 360.34537pt x 252.94438pt.
[9 <./output_10_19.png> <./output_10_21.png>]
Underfull \hbox (badness 10000) in paragraph at lines 717--718

 []

<output_12_8.png, id=72, 360.34625pt x 252.945pt>
File: output_12_8.png Graphic file (type png)
<use output_12_8.png>
Package pdftex.def Info: output_12_8.png  used on input line 736.
(pdftex.def)             Requested size: 360.34537pt x 252.94438pt.

Underfull \hbox (badness 10000) in paragraph at lines 738--739

 []

<output_12_12.png, id=73, 360.34625pt x 252.945pt>
File: output_12_12.png Graphic file (type png)
<use output_12_12.png>
Package pdftex.def Info: output_12_12.png  used on input line 756.
(pdftex.def)             Requested size: 360.34537pt x 252.94438pt.
[10 <./output_12_4.png> <./output_12_8.png>]
Underfull \hbox (badness 10000) in paragraph at lines 758--759

 []

<output_12_16.png, id=80, 360.34625pt x 252.945pt>
File: output_12_16.png Graphic file (type png)
<use output_12_16.png>
Package pdftex.def Info: output_12_16.png  used on input line 777.
(pdftex.def)             Requested size: 360.34537pt x 252.94438pt.

Underfull \hbox (badness 10000) in paragraph at lines 779--780

 []

<output_12_20.png, id=81, 360.34625pt x 252.945pt>
File: output_12_20.png Graphic file (type png)
<use output_12_20.png>
Package pdftex.def Info: output_12_20.png  used on input line 798.
(pdftex.def)             Requested size: 360.34537pt x 252.94438pt.
[11 <./output_12_12.png> <./output_12_16.png>]
Underfull \hbox (badness 10000) in paragraph at lines 800--801

 []

<output_12_22.png, id=88, 376.40625pt x 252.945pt>
File: output_12_22.png Graphic file (type png)
<use output_12_22.png>
Package pdftex.def Info: output_12_22.png  used on input line 812.
(pdftex.def)             Requested size: 376.40532pt x 252.94438pt.

Underfull \hbox (badness 10000) in paragraph at lines 814--815

 []

[12 <./output_12_20.png> <./output_12_22.png>]
<output_16_1.png, id=96, 406.51875pt x 266.9975pt>
File: output_16_1.png Graphic file (type png)
<use output_16_1.png>
Package pdftex.def Info: output_16_1.png  used on input line 857.
(pdftex.def)             Requested size: 406.51775pt x 266.99683pt.

Underfull \hbox (badness 10000) in paragraph at lines 859--860

 []


Underfull \hbox (badness 10000) in paragraph at lines 892--898

 []

[13 <./output_16_1.png>]
<output_19_1.png, id=103, 344.28625pt x 321.2pt>
File: output_19_1.png Graphic file (type png)
<use output_19_1.png>
Package pdftex.def Info: output_19_1.png  used on input line 950.
(pdftex.def)             Requested size: 344.2854pt x 321.19922pt.

Underfull \hbox (badness 10000) in paragraph at lines 952--953

 []

<output_19_4.png, id=104, 360.34625pt x 252.945pt>
File: output_19_4.png Graphic file (type png)
<use output_19_4.png>
Package pdftex.def Info: output_19_4.png  used on input line 969.
(pdftex.def)             Requested size: 360.34537pt x 252.94438pt.

Underfull \hbox (badness 10000) in paragraph at lines 971--972

 []

[14 <./output_19_1.png> <./output_19_4.png>]
<output_19_7.png, id=112, 360.34625pt x 252.945pt>
File: output_19_7.png Graphic file (type png)
<use output_19_7.png>
Package pdftex.def Info: output_19_7.png  used on input line 987.
(pdftex.def)             Requested size: 360.34537pt x 252.94438pt.

Underfull \hbox (badness 10000) in paragraph at lines 989--990

 []

<output_19_10.png, id=113, 360.34625pt x 252.945pt>
File: output_19_10.png Graphic file (type png)
<use output_19_10.png>
Package pdftex.def Info: output_19_10.png  used on input line 1006.
(pdftex.def)             Requested size: 360.34537pt x 252.94438pt.

Underfull \hbox (badness 10000) in paragraph at lines 1008--1009

 []

[15 <./output_19_7.png> <./output_19_10.png>]
<output_19_13.png, id=120, 360.34625pt x 252.945pt>
File: output_19_13.png Graphic file (type png)
<use output_19_13.png>
Package pdftex.def Info: output_19_13.png  used on input line 1025.
(pdftex.def)             Requested size: 360.34537pt x 252.94438pt.

Underfull \hbox (badness 10000) in paragraph at lines 1027--1028

 []

<output_19_16.png, id=121, 360.34625pt x 252.945pt>
File: output_19_16.png Graphic file (type png)
<use output_19_16.png>
Package pdftex.def Info: output_19_16.png  used on input line 1044.
(pdftex.def)             Requested size: 360.34537pt x 252.94438pt.

Underfull \hbox (badness 10000) in paragraph at lines 1046--1047

 []

[16 <./output_19_13.png> <./output_19_16.png>]
<output_19_18.png, id=128, 376.40625pt x 253.94875pt>
File: output_19_18.png Graphic file (type png)
<use output_19_18.png>
Package pdftex.def Info: output_19_18.png  used on input line 1058.
(pdftex.def)             Requested size: 376.40532pt x 253.94812pt.

Underfull \hbox (badness 10000) in paragraph at lines 1060--1061

 []

<output_20_1.png, id=129, 344.28625pt x 321.2pt>
File: output_20_1.png Graphic file (type png)
<use output_20_1.png>
Package pdftex.def Info: output_20_1.png  used on input line 1075.
(pdftex.def)             Requested size: 344.2854pt x 321.19922pt.

Underfull \hbox (badness 10000) in paragraph at lines 1077--1078

 []

<output_20_4.png, id=130, 360.34625pt x 252.945pt>
File: output_20_4.png Graphic file (type png)
<use output_20_4.png>
Package pdftex.def Info: output_20_4.png  used on input line 1094.
(pdftex.def)             Requested size: 360.34537pt x 252.94438pt.
[17 <./output_19_18.png> <./output_20_1.png>]
Underfull \hbox (badness 10000) in paragraph at lines 1096--1097

 []

<output_20_7.png, id=137, 360.34625pt x 252.945pt>
File: output_20_7.png Graphic file (type png)
<use output_20_7.png>
Package pdftex.def Info: output_20_7.png  used on input line 1113.
(pdftex.def)             Requested size: 360.34537pt x 252.94438pt.

Underfull \hbox (badness 10000) in paragraph at lines 1115--1116

 []

<output_20_10.png, id=138, 360.34625pt x 252.945pt>
File: output_20_10.png Graphic file (type png)
<use output_20_10.png>
Package pdftex.def Info: output_20_10.png  used on input line 1132.
(pdftex.def)             Requested size: 360.34537pt x 252.94438pt.
[18 <./output_20_4.png> <./output_20_7.png>]
Underfull \hbox (badness 10000) in paragraph at lines 1134--1135

 []

<output_20_13.png, id=145, 360.34625pt x 252.945pt>
File: output_20_13.png Graphic file (type png)
<use output_20_13.png>
Package pdftex.def Info: output_20_13.png  used on input line 1151.
(pdftex.def)             Requested size: 360.34537pt x 252.94438pt.

Underfull \hbox (badness 10000) in paragraph at lines 1153--1154

 []

<output_20_16.png, id=146, 360.34625pt x 252.945pt>
File: output_20_16.png Graphic file (type png)
<use output_20_16.png>
Package pdftex.def Info: output_20_16.png  used on input line 1170.
(pdftex.def)             Requested size: 360.34537pt x 252.94438pt.
[19 <./output_20_10.png> <./output_20_13.png>]
Underfull \hbox (badness 10000) in paragraph at lines 1172--1173

 []

<output_20_18.png, id=154, 382.42876pt x 252.945pt>
File: output_20_18.png Graphic file (type png)
<use output_20_18.png>
Package pdftex.def Info: output_20_18.png  used on input line 1184.
(pdftex.def)             Requested size: 382.42781pt x 252.94438pt.

Underfull \hbox (badness 10000) in paragraph at lines 1186--1187

 []

<output_21_1.png, id=155, 350.30875pt x 321.2pt>
File: output_21_1.png Graphic file (type png)
<use output_21_1.png>
Package pdftex.def Info: output_21_1.png  used on input line 1201.
(pdftex.def)             Requested size: 350.30789pt x 321.19922pt.
[20 <./output_20_16.png> <./output_20_18.png>]
Underfull \hbox (badness 10000) in paragraph at lines 1203--1204

 []

<output_21_4.png, id=162, 360.34625pt x 252.945pt>
File: output_21_4.png Graphic file (type png)
<use output_21_4.png>
Package pdftex.def Info: output_21_4.png  used on input line 1220.
(pdftex.def)             Requested size: 360.34537pt x 252.94438pt.

Underfull \hbox (badness 10000) in paragraph at lines 1222--1223

 []

<output_21_7.png, id=163, 360.34625pt x 252.945pt>
File: output_21_7.png Graphic file (type png)
<use output_21_7.png>
Package pdftex.def Info: output_21_7.png  used on input line 1239.
(pdftex.def)             Requested size: 360.34537pt x 252.94438pt.
[21 <./output_21_1.png> <./output_21_4.png>]
Underfull \hbox (badness 10000) in paragraph at lines 1241--1242

 []

<output_21_10.png, id=170, 360.34625pt x 252.945pt>
File: output_21_10.png Graphic file (type png)
<use output_21_10.png>
Package pdftex.def Info: output_21_10.png  used on input line 1258.
(pdftex.def)             Requested size: 360.34537pt x 252.94438pt.

Underfull \hbox (badness 10000) in paragraph at lines 1260--1261

 []

<output_21_13.png, id=171, 360.34625pt x 252.945pt>
File: output_21_13.png Graphic file (type png)
<use output_21_13.png>
Package pdftex.def Info: output_21_13.png  used on input line 1277.
(pdftex.def)             Requested size: 360.34537pt x 252.94438pt.
[22 <./output_21_7.png> <./output_21_10.png>]
Underfull \hbox (badness 10000) in paragraph at lines 1279--1280

 []

<output_21_16.png, id=178, 360.34625pt x 252.945pt>
File: output_21_16.png Graphic file (type png)
<use output_21_16.png>
Package pdftex.def Info: output_21_16.png  used on input line 1296.
(pdftex.def)             Requested size: 360.34537pt x 252.94438pt.

Underfull \hbox (badness 10000) in paragraph at lines 1298--1299

 []

<output_21_18.png, id=179, 382.42876pt x 252.945pt>
File: output_21_18.png Graphic file (type png)
<use output_21_18.png>
Package pdftex.def Info: output_21_18.png  used on input line 1310.
(pdftex.def)             Requested size: 382.42781pt x 252.94438pt.
[23 <./output_21_13.png> <./output_21_16.png>]
Underfull \hbox (badness 10000) in paragraph at lines 1312--1313

 []

<output_23_1.png, id=186, 350.30875pt x 321.2pt>
File: output_23_1.png Graphic file (type png)
<use output_23_1.png>
Package pdftex.def Info: output_23_1.png  used on input line 1329.
(pdftex.def)             Requested size: 350.30789pt x 321.19922pt.

Underfull \hbox (badness 10000) in paragraph at lines 1331--1332

 []

<output_23_4.png, id=187, 360.34625pt x 252.945pt>
File: output_23_4.png Graphic file (type png)
<use output_23_4.png>
Package pdftex.def Info: output_23_4.png  used on input line 1348.
(pdftex.def)             Requested size: 360.34537pt x 252.94438pt.
[24 <./output_21_18.png> <./output_23_1.png>]
Underfull \hbox (badness 10000) in paragraph at lines 1350--1351

 []

<output_23_7.png, id=195, 360.34625pt x 252.945pt>
File: output_23_7.png Graphic file (type png)
<use output_23_7.png>
Package pdftex.def Info: output_23_7.png  used on input line 1367.
(pdftex.def)             Requested size: 360.34537pt x 252.94438pt.

Underfull \hbox (badness 10000) in paragraph at lines 1369--1370

 []

<output_23_10.png, id=196, 360.34625pt x 252.945pt>
File: output_23_10.png Graphic file (type png)
<use output_23_10.png>
Package pdftex.def Info: output_23_10.png  used on input line 1386.
(pdftex.def)             Requested size: 360.34537pt x 252.94438pt.
[25 <./output_23_4.png> <./output_23_7.png>]
Underfull \hbox (badness 10000) in paragraph at lines 1388--1389

 []

<output_23_13.png, id=204, 360.34625pt x 252.945pt>
File: output_23_13.png Graphic file (type png)
<use output_23_13.png>
Package pdftex.def Info: output_23_13.png  used on input line 1405.
(pdftex.def)             Requested size: 360.34537pt x 252.94438pt.

Underfull \hbox (badness 10000) in paragraph at lines 1407--1408

 []

<output_23_16.png, id=205, 360.34625pt x 252.945pt>
File: output_23_16.png Graphic file (type png)
<use output_23_16.png>
Package pdftex.def Info: output_23_16.png  used on input line 1424.
(pdftex.def)             Requested size: 360.34537pt x 252.94438pt.
[26 <./output_23_10.png> <./output_23_13.png>]
Underfull \hbox (badness 10000) in paragraph at lines 1426--1427

 []

<output_23_18.png, id=212, 376.40625pt x 252.945pt>
File: output_23_18.png Graphic file (type png)
<use output_23_18.png>
Package pdftex.def Info: output_23_18.png  used on input line 1438.
(pdftex.def)             Requested size: 376.40532pt x 252.94438pt.

Underfull \hbox (badness 10000) in paragraph at lines 1440--1441

 []

<output_24_1.png, id=213, 350.30875pt x 321.2pt>
File: output_24_1.png Graphic file (type png)
<use output_24_1.png>
Package pdftex.def Info: output_24_1.png  used on input line 1455.
(pdftex.def)             Requested size: 350.30789pt x 321.19922pt.
[27 <./output_23_16.png> <./output_23_18.png>]
Underfull \hbox (badness 10000) in paragraph at lines 1457--1458

 []

<output_24_4.png, id=220, 360.34625pt x 252.945pt>
File: output_24_4.png Graphic file (type png)
<use output_24_4.png>
Package pdftex.def Info: output_24_4.png  used on input line 1474.
(pdftex.def)             Requested size: 360.34537pt x 252.94438pt.

Underfull \hbox (badness 10000) in paragraph at lines 1476--1477

 []

<output_24_7.png, id=221, 360.34625pt x 252.945pt>
File: output_24_7.png Graphic file (type png)
<use output_24_7.png>
Package pdftex.def Info: output_24_7.png  used on input line 1493.
(pdftex.def)             Requested size: 360.34537pt x 252.94438pt.
[28 <./output_24_1.png> <./output_24_4.png>]
Underfull \hbox (badness 10000) in paragraph at lines 1495--1496

 []

<output_24_10.png, id=228, 360.34625pt x 252.945pt>
File: output_24_10.png Graphic file (type png)
<use output_24_10.png>
Package pdftex.def Info: output_24_10.png  used on input line 1512.
(pdftex.def)             Requested size: 360.34537pt x 252.94438pt.

Underfull \hbox (badness 10000) in paragraph at lines 1514--1515

 []

<output_24_13.png, id=229, 360.34625pt x 252.945pt>
File: output_24_13.png Graphic file (type png)
<use output_24_13.png>
Package pdftex.def Info: output_24_13.png  used on input line 1531.
(pdftex.def)             Requested size: 360.34537pt x 252.94438pt.
[29 <./output_24_7.png> <./output_24_10.png>]
Underfull \hbox (badness 10000) in paragraph at lines 1533--1534

 []

<output_24_16.png, id=236, 360.34625pt x 252.945pt>
File: output_24_16.png Graphic file (type png)
<use output_24_16.png>
Package pdftex.def Info: output_24_16.png  used on input line 1550.
(pdftex.def)             Requested size: 360.34537pt x 252.94438pt.

Underfull \hbox (badness 10000) in paragraph at lines 1552--1553

 []

<output_24_18.png, id=237, 376.40625pt x 252.945pt>
File: output_24_18.png Graphic file (type png)
<use output_24_18.png>
Package pdftex.def Info: output_24_18.png  used on input line 1564.
(pdftex.def)             Requested size: 376.40532pt x 252.94438pt.
[30 <./output_24_13.png> <./output_24_16.png>]
Underfull \hbox (badness 10000) in paragraph at lines 1566--1567

 []

<output_25_1.png, id=245, 350.30875pt x 321.2pt>
File: output_25_1.png Graphic file (type png)
<use output_25_1.png>
Package pdftex.def Info: output_25_1.png  used on input line 1581.
(pdftex.def)             Requested size: 350.30789pt x 321.19922pt.

Underfull \hbox (badness 10000) in paragraph at lines 1583--1584

 []

<output_25_4.png, id=246, 360.34625pt x 252.945pt>
File: output_25_4.png Graphic file (type png)
<use output_25_4.png>
Package pdftex.def Info: output_25_4.png  used on input line 1600.
(pdftex.def)             Requested size: 360.34537pt x 252.94438pt.
[31 <./output_24_18.png> <./output_25_1.png>]
Underfull \hbox (badness 10000) in paragraph at lines 1602--1603

 []

<output_25_7.png, id=254, 360.34625pt x 252.945pt>
File: output_25_7.png Graphic file (type png)
<use output_25_7.png>
Package pdftex.def Info: output_25_7.png  used on input line 1618.
(pdftex.def)             Requested size: 360.34537pt x 252.94438pt.

Underfull \hbox (badness 10000) in paragraph at lines 1620--1621

 []

<output_25_10.png, id=255, 360.34625pt x 252.945pt>
File: output_25_10.png Graphic file (type png)
<use output_25_10.png>
Package pdftex.def Info: output_25_10.png  used on input line 1637.
(pdftex.def)             Requested size: 360.34537pt x 252.94438pt.
[32 <./output_25_4.png> <./output_25_7.png>]
Underfull \hbox (badness 10000) in paragraph at lines 1639--1640

 []

<output_25_13.png, id=262, 360.34625pt x 252.945pt>
File: output_25_13.png Graphic file (type png)
<use output_25_13.png>
Package pdftex.def Info: output_25_13.png  used on input line 1656.
(pdftex.def)             Requested size: 360.34537pt x 252.94438pt.

Underfull \hbox (badness 10000) in paragraph at lines 1658--1659

 []

<output_25_16.png, id=263, 360.34625pt x 252.945pt>
File: output_25_16.png Graphic file (type png)
<use output_25_16.png>
Package pdftex.def Info: output_25_16.png  used on input line 1675.
(pdftex.def)             Requested size: 360.34537pt x 252.94438pt.
[33 <./output_25_10.png> <./output_25_13.png>]
Underfull \hbox (badness 10000) in paragraph at lines 1677--1678

 []

<output_25_18.png, id=270, 382.42876pt x 252.945pt>
File: output_25_18.png Graphic file (type png)
<use output_25_18.png>
Package pdftex.def Info: output_25_18.png  used on input line 1689.
(pdftex.def)             Requested size: 382.42781pt x 252.94438pt.

Underfull \hbox (badness 10000) in paragraph at lines 1691--1692

 []

<output_26_1.png, id=271, 350.30875pt x 321.2pt>
File: output_26_1.png Graphic file (type png)
<use output_26_1.png>
Package pdftex.def Info: output_26_1.png  used on input line 1706.
(pdftex.def)             Requested size: 350.30789pt x 321.19922pt.
[34 <./output_25_16.png> <./output_25_18.png>]
Underfull \hbox (badness 10000) in paragraph at lines 1708--1709

 []

<output_26_4.png, id=278, 360.34625pt x 252.945pt>
File: output_26_4.png Graphic file (type png)
<use output_26_4.png>
Package pdftex.def Info: output_26_4.png  used on input line 1725.
(pdftex.def)             Requested size: 360.34537pt x 252.94438pt.

Underfull \hbox (badness 10000) in paragraph at lines 1727--1728

 []

<output_26_7.png, id=279, 360.34625pt x 252.945pt>
File: output_26_7.png Graphic file (type png)
<use output_26_7.png>
Package pdftex.def Info: output_26_7.png  used on input line 1744.
(pdftex.def)             Requested size: 360.34537pt x 252.94438pt.
[35 <./output_26_1.png> <./output_26_4.png>]
Underfull \hbox (badness 10000) in paragraph at lines 1746--1747

 []

<output_26_10.png, id=286, 360.34625pt x 252.945pt>
File: output_26_10.png Graphic file (type png)
<use output_26_10.png>
Package pdftex.def Info: output_26_10.png  used on input line 1763.
(pdftex.def)             Requested size: 360.34537pt x 252.94438pt.

Underfull \hbox (badness 10000) in paragraph at lines 1765--1766

 []

<output_26_13.png, id=287, 360.34625pt x 252.945pt>
File: output_26_13.png Graphic file (type png)
<use output_26_13.png>
Package pdftex.def Info: output_26_13.png  used on input line 1782.
(pdftex.def)             Requested size: 360.34537pt x 252.94438pt.
[36 <./output_26_7.png> <./output_26_10.png>]
Underfull \hbox (badness 10000) in paragraph at lines 1784--1785

 []

<output_26_16.png, id=294, 360.34625pt x 252.945pt>
File: output_26_16.png Graphic file (type png)
<use output_26_16.png>
Package pdftex.def Info: output_26_16.png  used on input line 1801.
(pdftex.def)             Requested size: 360.34537pt x 252.94438pt.

Underfull \hbox (badness 10000) in paragraph at lines 1803--1804

 []

<output_26_18.png, id=295, 382.42876pt x 252.945pt>
File: output_26_18.png Graphic file (type png)
<use output_26_18.png>
Package pdftex.def Info: output_26_18.png  used on input line 1815.
(pdftex.def)             Requested size: 382.42781pt x 252.94438pt.
[37 <./output_26_13.png> <./output_26_16.png>]
Underfull \hbox (badness 10000) in paragraph at lines 1817--1818

 []

<output_31_2.png, id=303, 360.34625pt x 252.945pt>
File: output_31_2.png Graphic file (type png)
<use output_31_2.png>
Package pdftex.def Info: output_31_2.png  used on input line 1878.
(pdftex.def)             Requested size: 360.34537pt x 252.94438pt.
[38 <./output_26_18.png>]
Underfull \hbox (badness 10000) in paragraph at lines 1880--1881

 []

<output_31_5.png, id=311, 360.34625pt x 252.945pt>
File: output_31_5.png Graphic file (type png)
<use output_31_5.png>
Package pdftex.def Info: output_31_5.png  used on input line 1897.
(pdftex.def)             Requested size: 360.34537pt x 252.94438pt.

Underfull \hbox (badness 10000) in paragraph at lines 1899--1900

 []

<output_31_8.png, id=312, 360.34625pt x 252.945pt>
File: output_31_8.png Graphic file (type png)
<use output_31_8.png>
Package pdftex.def Info: output_31_8.png  used on input line 1916.
(pdftex.def)             Requested size: 360.34537pt x 252.94438pt.
[39 <./output_31_2.png> <./output_31_5.png>]
Underfull \hbox (badness 10000) in paragraph at lines 1918--1919

 []

<output_31_11.png, id=319, 360.34625pt x 252.945pt>
File: output_31_11.png Graphic file (type png)
<use output_31_11.png>
Package pdftex.def Info: output_31_11.png  used on input line 1935.
(pdftex.def)             Requested size: 360.34537pt x 252.94438pt.

Underfull \hbox (badness 10000) in paragraph at lines 1937--1938

 []

<output_31_14.png, id=320, 360.34625pt x 252.945pt>
File: output_31_14.png Graphic file (type png)
<use output_31_14.png>
Package pdftex.def Info: output_31_14.png  used on input line 1954.
(pdftex.def)             Requested size: 360.34537pt x 252.94438pt.
[40 <./output_31_8.png> <./output_31_11.png>]
Underfull \hbox (badness 10000) in paragraph at lines 1956--1957

 []

<output_31_16.png, id=327, 376.40625pt x 252.945pt>
File: output_31_16.png Graphic file (type png)
<use output_31_16.png>
Package pdftex.def Info: output_31_16.png  used on input line 1968.
(pdftex.def)             Requested size: 376.40532pt x 252.94438pt.

Underfull \hbox (badness 10000) in paragraph at lines 1970--1971

 []

<output_33_3.png, id=328, 360.34625pt x 252.945pt>
File: output_33_3.png Graphic file (type png)
<use output_33_3.png>
Package pdftex.def Info: output_33_3.png  used on input line 1999.
(pdftex.def)             Requested size: 360.34537pt x 252.94438pt.
[41 <./output_31_14.png> <./output_31_16.png>]
Underfull \hbox (badness 10000) in paragraph at lines 2001--2002

 []

<output_33_6.png, id=336, 360.34625pt x 252.945pt>
File: output_33_6.png Graphic file (type png)
<use output_33_6.png>
Package pdftex.def Info: output_33_6.png  used on input line 2018.
(pdftex.def)             Requested size: 360.34537pt x 252.94438pt.

Underfull \hbox (badness 10000) in paragraph at lines 2020--2021

 []

<output_33_9.png, id=337, 360.34625pt x 252.945pt>
File: output_33_9.png Graphic file (type png)
<use output_33_9.png>
Package pdftex.def Info: output_33_9.png  used on input line 2037.
(pdftex.def)             Requested size: 360.34537pt x 252.94438pt.
[42 <./output_33_3.png> <./output_33_6.png>]
Underfull \hbox (badness 10000) in paragraph at lines 2039--2040

 []

<output_33_12.png, id=344, 360.34625pt x 252.945pt>
File: output_33_12.png Graphic file (type png)
<use output_33_12.png>
Package pdftex.def Info: output_33_12.png  used on input line 2056.
(pdftex.def)             Requested size: 360.34537pt x 252.94438pt.

Underfull \hbox (badness 10000) in paragraph at lines 2058--2059

 []

<output_33_15.png, id=345, 360.34625pt x 252.945pt>
File: output_33_15.png Graphic file (type png)
<use output_33_15.png>
Package pdftex.def Info: output_33_15.png  used on input line 2075.
(pdftex.def)             Requested size: 360.34537pt x 252.94438pt.
[43 <./output_33_9.png> <./output_33_12.png>]
Underfull \hbox (badness 10000) in paragraph at lines 2077--2078

 []

<output_33_17.png, id=353, 376.40625pt x 252.945pt>
File: output_33_17.png Graphic file (type png)
<use output_33_17.png>
Package pdftex.def Info: output_33_17.png  used on input line 2089.
(pdftex.def)             Requested size: 376.40532pt x 252.94438pt.

Underfull \hbox (badness 10000) in paragraph at lines 2091--2092

 []

<output_35_4.png, id=354, 360.34625pt x 252.945pt>
File: output_35_4.png Graphic file (type png)
<use output_35_4.png>
Package pdftex.def Info: output_35_4.png  used on input line 2122.
(pdftex.def)             Requested size: 360.34537pt x 252.94438pt.
[44 <./output_33_15.png> <./output_33_17.png>]
Underfull \hbox (badness 10000) in paragraph at lines 2124--2125

 []

<output_35_8.png, id=362, 360.34625pt x 252.945pt>
File: output_35_8.png Graphic file (type png)
<use output_35_8.png>
Package pdftex.def Info: output_35_8.png  used on input line 2143.
(pdftex.def)             Requested size: 360.34537pt x 252.94438pt.

Underfull \hbox (badness 10000) in paragraph at lines 2145--2146

 []

<output_35_12.png, id=363, 360.34625pt x 252.945pt>
File: output_35_12.png Graphic file (type png)
<use output_35_12.png>
Package pdftex.def Info: output_35_12.png  used on input line 2163.
(pdftex.def)             Requested size: 360.34537pt x 252.94438pt.
[45 <./output_35_4.png> <./output_35_8.png>]
Underfull \hbox (badness 10000) in paragraph at lines 2165--2166

 []

<output_35_16.png, id=370, 360.34625pt x 252.945pt>
File: output_35_16.png Graphic file (type png)
<use output_35_16.png>
Package pdftex.def Info: output_35_16.png  used on input line 2184.
(pdftex.def)             Requested size: 360.34537pt x 252.94438pt.

Underfull \hbox (badness 10000) in paragraph at lines 2186--2187

 []

<output_35_20.png, id=371, 360.34625pt x 252.945pt>
File: output_35_20.png Graphic file (type png)
<use output_35_20.png>
Package pdftex.def Info: output_35_20.png  used on input line 2205.
(pdftex.def)             Requested size: 360.34537pt x 252.94438pt.
[46 <./output_35_12.png> <./output_35_16.png>]
Underfull \hbox (badness 10000) in paragraph at lines 2207--2208

 []

<output_35_22.png, id=378, 376.40625pt x 252.945pt>
File: output_35_22.png Graphic file (type png)
<use output_35_22.png>
Package pdftex.def Info: output_35_22.png  used on input line 2219.
(pdftex.def)             Requested size: 376.40532pt x 252.94438pt.

Underfull \hbox (badness 10000) in paragraph at lines 2221--2222

 []

[47 <./output_35_20.png> <./output_35_22.png>]
<output_41_3.png, id=386, 360.34625pt x 252.945pt>
File: output_41_3.png Graphic file (type png)
<use output_41_3.png>
Package pdftex.def Info: output_41_3.png  used on input line 2271.
(pdftex.def)             Requested size: 360.34537pt x 252.94438pt.

Underfull \hbox (badness 10000) in paragraph at lines 2273--2274

 []

<output_41_7.png, id=387, 360.34625pt x 252.945pt>
File: output_41_7.png Graphic file (type png)
<use output_41_7.png>
Package pdftex.def Info: output_41_7.png  used on input line 2291.
(pdftex.def)             Requested size: 360.34537pt x 252.94438pt.

Underfull \hbox (badness 10000) in paragraph at lines 2293--2294

 []

[48 <./output_41_3.png> <./output_41_7.png>]
<output_41_10.png, id=396, 360.34625pt x 252.945pt>
File: output_41_10.png Graphic file (type png)
<use output_41_10.png>
Package pdftex.def Info: output_41_10.png  used on input line 2310.
(pdftex.def)             Requested size: 360.34537pt x 252.94438pt.

Underfull \hbox (badness 10000) in paragraph at lines 2312--2313

 []

<output_41_14.png, id=397, 360.34625pt x 252.945pt>
File: output_41_14.png Graphic file (type png)
<use output_41_14.png>
Package pdftex.def Info: output_41_14.png  used on input line 2331.
(pdftex.def)             Requested size: 360.34537pt x 252.94438pt.

Underfull \hbox (badness 10000) in paragraph at lines 2333--2334

 []

[49 <./output_41_10.png> <./output_41_14.png>]
<output_41_18.png, id=405, 360.34625pt x 252.945pt>
File: output_41_18.png Graphic file (type png)
<use output_41_18.png>
Package pdftex.def Info: output_41_18.png  used on input line 2352.
(pdftex.def)             Requested size: 360.34537pt x 252.94438pt.

Underfull \hbox (badness 10000) in paragraph at lines 2354--2355

 []

<output_41_20.png, id=406, 376.40625pt x 252.945pt>
File: output_41_20.png Graphic file (type png)
<use output_41_20.png>
Package pdftex.def Info: output_41_20.png  used on input line 2366.
(pdftex.def)             Requested size: 376.40532pt x 252.94438pt.

Underfull \hbox (badness 10000) in paragraph at lines 2368--2369

 []

[50 <./output_41_18.png> <./output_41_20.png>]
<output_43_2.png, id=414, 360.34625pt x 252.945pt>
File: output_43_2.png Graphic file (type png)
<use output_43_2.png>
Package pdftex.def Info: output_43_2.png  used on input line 2394.
(pdftex.def)             Requested size: 360.34537pt x 252.94438pt.

Underfull \hbox (badness 10000) in paragraph at lines 2396--2397

 []

<output_43_4.png, id=415, 360.34625pt x 252.945pt>
File: output_43_4.png Graphic file (type png)
<use output_43_4.png>
Package pdftex.def Info: output_43_4.png  used on input line 2411.
(pdftex.def)             Requested size: 360.34537pt x 252.94438pt.

Underfull \hbox (badness 10000) in paragraph at lines 2413--2414

 []

[51 <./output_43_2.png> <./output_43_4.png>]
<output_43_6.png, id=422, 360.34625pt x 252.945pt>
File: output_43_6.png Graphic file (type png)
<use output_43_6.png>
Package pdftex.def Info: output_43_6.png  used on input line 2428.
(pdftex.def)             Requested size: 360.34537pt x 252.94438pt.

Underfull \hbox (badness 10000) in paragraph at lines 2430--2431

 []

<output_43_8.png, id=423, 360.34625pt x 252.945pt>
File: output_43_8.png Graphic file (type png)
<use output_43_8.png>
Package pdftex.def Info: output_43_8.png  used on input line 2445.
(pdftex.def)             Requested size: 360.34537pt x 252.94438pt.

Underfull \hbox (badness 10000) in paragraph at lines 2447--2448

 []

[52 <./output_43_6.png> <./output_43_8.png>]
<output_43_10.png, id=430, 360.34625pt x 252.945pt>
File: output_43_10.png Graphic file (type png)
<use output_43_10.png>
Package pdftex.def Info: output_43_10.png  used on input line 2462.
(pdftex.def)             Requested size: 360.34537pt x 252.94438pt.

Underfull \hbox (badness 10000) in paragraph at lines 2464--2465

 []

<output_43_12.png, id=431, 376.40625pt x 252.945pt>
File: output_43_12.png Graphic file (type png)
<use output_43_12.png>
Package pdftex.def Info: output_43_12.png  used on input line 2476.
(pdftex.def)             Requested size: 376.40532pt x 252.94438pt.

Underfull \hbox (badness 10000) in paragraph at lines 2478--2479

 []

[53 <./output_43_10.png> <./output_43_12.png>]
<output_45_3.png, id=439, 360.34625pt x 252.945pt>
File: output_45_3.png Graphic file (type png)
<use output_45_3.png>
Package pdftex.def Info: output_45_3.png  used on input line 2506.
(pdftex.def)             Requested size: 360.34537pt x 252.94438pt.

Underfull \hbox (badness 10000) in paragraph at lines 2508--2509

 []

<output_45_7.png, id=440, 360.34625pt x 252.945pt>
File: output_45_7.png Graphic file (type png)
<use output_45_7.png>
Package pdftex.def Info: output_45_7.png  used on input line 2526.
(pdftex.def)             Requested size: 360.34537pt x 252.94438pt.

Underfull \hbox (badness 10000) in paragraph at lines 2528--2529

 []

[54 <./output_45_3.png> <./output_45_7.png>]
<output_45_10.png, id=447, 360.34625pt x 252.945pt>
File: output_45_10.png Graphic file (type png)
<use output_45_10.png>
Package pdftex.def Info: output_45_10.png  used on input line 2545.
(pdftex.def)             Requested size: 360.34537pt x 252.94438pt.

Underfull \hbox (badness 10000) in paragraph at lines 2547--2548

 []

<output_45_14.png, id=448, 360.34625pt x 252.945pt>
File: output_45_14.png Graphic file (type png)
<use output_45_14.png>
Package pdftex.def Info: output_45_14.png  used on input line 2565.
(pdftex.def)             Requested size: 360.34537pt x 252.94438pt.

Underfull \hbox (badness 10000) in paragraph at lines 2567--2568

 []

<output_45_18.png, id=449, 360.34625pt x 252.945pt>
File: output_45_18.png Graphic file (type png)
<use output_45_18.png>
Package pdftex.def Info: output_45_18.png  used on input line 2586.
(pdftex.def)             Requested size: 360.34537pt x 252.94438pt.
[55 <./output_45_10.png> <./output_45_14.png>]
Underfull \hbox (badness 10000) in paragraph at lines 2588--2589

 []

<output_45_20.png, id=457, 376.40625pt x 252.945pt>
File: output_45_20.png Graphic file (type png)
<use output_45_20.png>
Package pdftex.def Info: output_45_20.png  used on input line 2600.
(pdftex.def)             Requested size: 376.40532pt x 252.94438pt.

Underfull \hbox (badness 10000) in paragraph at lines 2602--2603

 []

[56 <./output_45_18.png> <./output_45_20.png>]
<output_51_1.png, id=467, 344.28625pt x 321.2pt>
File: output_51_1.png Graphic file (type png)
<use output_51_1.png>
Package pdftex.def Info: output_51_1.png  used on input line 2637.
(pdftex.def)             Requested size: 344.2854pt x 321.19922pt.

Underfull \hbox (badness 10000) in paragraph at lines 2639--2640

 []

<output_51_4.png, id=468, 360.34625pt x 252.945pt>
File: output_51_4.png Graphic file (type png)
<use output_51_4.png>
Package pdftex.def Info: output_51_4.png  used on input line 2656.
(pdftex.def)             Requested size: 360.34537pt x 252.94438pt.

Underfull \hbox (badness 10000) in paragraph at lines 2658--2659

 []

[57 <./output_51_1.png> <./output_51_4.png>]
<output_51_7.png, id=475, 360.34625pt x 252.945pt>
File: output_51_7.png Graphic file (type png)
<use output_51_7.png>
Package pdftex.def Info: output_51_7.png  used on input line 2675.
(pdftex.def)             Requested size: 360.34537pt x 252.94438pt.

Underfull \hbox (badness 10000) in paragraph at lines 2677--2678

 []

<output_51_10.png, id=476, 360.34625pt x 252.945pt>
File: output_51_10.png Graphic file (type png)
<use output_51_10.png>
Package pdftex.def Info: output_51_10.png  used on input line 2694.
(pdftex.def)             Requested size: 360.34537pt x 252.94438pt.

Underfull \hbox (badness 10000) in paragraph at lines 2696--2697

 []

<output_51_13.png, id=477, 360.34625pt x 252.945pt>
File: output_51_13.png Graphic file (type png)
<use output_51_13.png>
Package pdftex.def Info: output_51_13.png  used on input line 2713.
(pdftex.def)             Requested size: 360.34537pt x 252.94438pt.
[58 <./output_51_7.png> <./output_51_10.png>]
Underfull \hbox (badness 10000) in paragraph at lines 2715--2716

 []

<output_51_16.png, id=484, 360.34625pt x 252.945pt>
File: output_51_16.png Graphic file (type png)
<use output_51_16.png>
Package pdftex.def Info: output_51_16.png  used on input line 2732.
(pdftex.def)             Requested size: 360.34537pt x 252.94438pt.

Underfull \hbox (badness 10000) in paragraph at lines 2734--2735

 []

<output_51_18.png, id=485, 376.40625pt x 253.94875pt>
File: output_51_18.png Graphic file (type png)
<use output_51_18.png>
Package pdftex.def Info: output_51_18.png  used on input line 2746.
(pdftex.def)             Requested size: 376.40532pt x 253.94812pt.
[59 <./output_51_13.png> <./output_51_16.png>]
Underfull \hbox (badness 10000) in paragraph at lines 2748--2749

 []

<output_53_1.png, id=493, 350.30875pt x 321.2pt>
File: output_53_1.png Graphic file (type png)
<use output_53_1.png>
Package pdftex.def Info: output_53_1.png  used on input line 2765.
(pdftex.def)             Requested size: 350.30789pt x 321.19922pt.

Underfull \hbox (badness 10000) in paragraph at lines 2767--2768

 []

<output_53_4.png, id=494, 360.34625pt x 252.945pt>
File: output_53_4.png Graphic file (type png)
<use output_53_4.png>
Package pdftex.def Info: output_53_4.png  used on input line 2784.
(pdftex.def)             Requested size: 360.34537pt x 252.94438pt.
[60 <./output_51_18.png> <./output_53_1.png>]
Underfull \hbox (badness 10000) in paragraph at lines 2786--2787

 []

<output_53_7.png, id=502, 360.34625pt x 252.945pt>
File: output_53_7.png Graphic file (type png)
<use output_53_7.png>
Package pdftex.def Info: output_53_7.png  used on input line 2802.
(pdftex.def)             Requested size: 360.34537pt x 252.94438pt.

Underfull \hbox (badness 10000) in paragraph at lines 2804--2805

 []

<output_53_10.png, id=503, 360.34625pt x 252.945pt>
File: output_53_10.png Graphic file (type png)
<use output_53_10.png>
Package pdftex.def Info: output_53_10.png  used on input line 2820.
(pdftex.def)             Requested size: 360.34537pt x 252.94438pt.
[61 <./output_53_4.png> <./output_53_7.png>]
Underfull \hbox (badness 10000) in paragraph at lines 2822--2823

 []

<output_53_13.png, id=511, 360.34625pt x 252.945pt>
File: output_53_13.png Graphic file (type png)
<use output_53_13.png>
Package pdftex.def Info: output_53_13.png  used on input line 2839.
(pdftex.def)             Requested size: 360.34537pt x 252.94438pt.

Underfull \hbox (badness 10000) in paragraph at lines 2841--2842

 []

<output_53_16.png, id=512, 360.34625pt x 252.945pt>
File: output_53_16.png Graphic file (type png)
<use output_53_16.png>
Package pdftex.def Info: output_53_16.png  used on input line 2858.
(pdftex.def)             Requested size: 360.34537pt x 252.94438pt.
[62 <./output_53_10.png> <./output_53_13.png>]
Underfull \hbox (badness 10000) in paragraph at lines 2860--2861

 []

<output_53_18.png, id=519, 376.40625pt x 252.945pt>
File: output_53_18.png Graphic file (type png)
<use output_53_18.png>
Package pdftex.def Info: output_53_18.png  used on input line 2872.
(pdftex.def)             Requested size: 376.40532pt x 252.94438pt.

Underfull \hbox (badness 10000) in paragraph at lines 2874--2875

 []

<output_57_1.png, id=520, 344.28625pt x 321.2pt>
File: output_57_1.png Graphic file (type png)
<use output_57_1.png>
Package pdftex.def Info: output_57_1.png  used on input line 2899.
(pdftex.def)             Requested size: 344.2854pt x 321.19922pt.
[63 <./output_53_16.png> <./output_53_18.png>]
Underfull \hbox (badness 10000) in paragraph at lines 2901--2902

 []

<output_57_3.png, id=529, 359.3425pt x 252.945pt>
File: output_57_3.png Graphic file (type png)
<use output_57_3.png>
Package pdftex.def Info: output_57_3.png  used on input line 2916.
(pdftex.def)             Requested size: 359.34161pt x 252.94438pt.

Underfull \hbox (badness 10000) in paragraph at lines 2918--2919

 []

<output_57_5.png, id=530, 360.34625pt x 252.945pt>
File: output_57_5.png Graphic file (type png)
<use output_57_5.png>
Package pdftex.def Info: output_57_5.png  used on input line 2933.
(pdftex.def)             Requested size: 360.34537pt x 252.94438pt.
[64 <./output_57_1.png> <./output_57_3.png>]
Underfull \hbox (badness 10000) in paragraph at lines 2935--2936

 []

<output_57_7.png, id=537, 360.34625pt x 252.945pt>
File: output_57_7.png Graphic file (type png)
<use output_57_7.png>
Package pdftex.def Info: output_57_7.png  used on input line 2950.
(pdftex.def)             Requested size: 360.34537pt x 252.94438pt.

Underfull \hbox (badness 10000) in paragraph at lines 2952--2953

 []

<output_57_9.png, id=538, 359.3425pt x 252.945pt>
File: output_57_9.png Graphic file (type png)
<use output_57_9.png>
Package pdftex.def Info: output_57_9.png  used on input line 2967.
(pdftex.def)             Requested size: 359.34161pt x 252.94438pt.
[65 <./output_57_5.png> <./output_57_7.png>]
Underfull \hbox (badness 10000) in paragraph at lines 2969--2970

 []

<output_57_11.png, id=545, 360.34625pt x 252.945pt>
File: output_57_11.png Graphic file (type png)
<use output_57_11.png>
Package pdftex.def Info: output_57_11.png  used on input line 2984.
(pdftex.def)             Requested size: 360.34537pt x 252.94438pt.

Underfull \hbox (badness 10000) in paragraph at lines 2986--2987

 []

<output_57_13.png, id=546, 376.40625pt x 252.945pt>
File: output_57_13.png Graphic file (type png)
<use output_57_13.png>
Package pdftex.def Info: output_57_13.png  used on input line 2998.
(pdftex.def)             Requested size: 376.40532pt x 252.94438pt.
[66 <./output_57_9.png> <./output_57_11.png>]
Underfull \hbox (badness 10000) in paragraph at lines 3000--3001

 []

<output_59_1.png, id=553, 350.30875pt x 321.2pt>
File: output_59_1.png Graphic file (type png)
<use output_59_1.png>
Package pdftex.def Info: output_59_1.png  used on input line 3017.
(pdftex.def)             Requested size: 350.30789pt x 321.19922pt.

Underfull \hbox (badness 10000) in paragraph at lines 3019--3020

 []

<output_59_3.png, id=554, 360.34625pt x 252.945pt>
File: output_59_3.png Graphic file (type png)
<use output_59_3.png>
Package pdftex.def Info: output_59_3.png  used on input line 3034.
(pdftex.def)             Requested size: 360.34537pt x 252.94438pt.
[67 <./output_57_13.png> <./output_59_1.png>]
Underfull \hbox (badness 10000) in paragraph at lines 3036--3037

 []

<output_59_5.png, id=563, 360.34625pt x 252.945pt>
File: output_59_5.png Graphic file (type png)
<use output_59_5.png>
Package pdftex.def Info: output_59_5.png  used on input line 3051.
(pdftex.def)             Requested size: 360.34537pt x 252.94438pt.

Underfull \hbox (badness 10000) in paragraph at lines 3053--3054

 []

<output_59_7.png, id=564, 360.34625pt x 252.945pt>
File: output_59_7.png Graphic file (type png)
<use output_59_7.png>
Package pdftex.def Info: output_59_7.png  used on input line 3068.
(pdftex.def)             Requested size: 360.34537pt x 252.94438pt.
[68 <./output_59_3.png> <./output_59_5.png>]
Underfull \hbox (badness 10000) in paragraph at lines 3070--3071

 []

<output_59_9.png, id=571, 360.34625pt x 252.945pt>
File: output_59_9.png Graphic file (type png)
<use output_59_9.png>
Package pdftex.def Info: output_59_9.png  used on input line 3085.
(pdftex.def)             Requested size: 360.34537pt x 252.94438pt.

Underfull \hbox (badness 10000) in paragraph at lines 3087--3088

 []

<output_59_11.png, id=572, 360.34625pt x 252.945pt>
File: output_59_11.png Graphic file (type png)
<use output_59_11.png>
Package pdftex.def Info: output_59_11.png  used on input line 3102.
(pdftex.def)             Requested size: 360.34537pt x 252.94438pt.
[69 <./output_59_7.png> <./output_59_9.png>]
Underfull \hbox (badness 10000) in paragraph at lines 3104--3105

 []

<output_59_13.png, id=579, 382.42876pt x 252.945pt>
File: output_59_13.png Graphic file (type png)
<use output_59_13.png>
Package pdftex.def Info: output_59_13.png  used on input line 3116.
(pdftex.def)             Requested size: 382.42781pt x 252.94438pt.

Underfull \hbox (badness 10000) in paragraph at lines 3118--3119

 []

<output_63_1.png, id=580, 344.28625pt x 321.2pt>
File: output_63_1.png Graphic file (type png)
<use output_63_1.png>
Package pdftex.def Info: output_63_1.png  used on input line 3142.
(pdftex.def)             Requested size: 344.2854pt x 321.19922pt.
[70 <./output_59_11.png> <./output_59_13.png>]
Underfull \hbox (badness 10000) in paragraph at lines 3144--3145

 []

<output_63_4.png, id=589, 360.34625pt x 252.945pt>
File: output_63_4.png Graphic file (type png)
<use output_63_4.png>
Package pdftex.def Info: output_63_4.png  used on input line 3161.
(pdftex.def)             Requested size: 360.34537pt x 252.94438pt.

Underfull \hbox (badness 10000) in paragraph at lines 3163--3164

 []

<output_63_7.png, id=590, 360.34625pt x 252.945pt>
File: output_63_7.png Graphic file (type png)
<use output_63_7.png>
Package pdftex.def Info: output_63_7.png  used on input line 3180.
(pdftex.def)             Requested size: 360.34537pt x 252.94438pt.
[71 <./output_63_1.png> <./output_63_4.png>]
Underfull \hbox (badness 10000) in paragraph at lines 3182--3183

 []

<output_63_10.png, id=597, 360.34625pt x 252.945pt>
File: output_63_10.png Graphic file (type png)
<use output_63_10.png>
Package pdftex.def Info: output_63_10.png  used on input line 3199.
(pdftex.def)             Requested size: 360.34537pt x 252.94438pt.

Underfull \hbox (badness 10000) in paragraph at lines 3201--3202

 []

<output_63_13.png, id=598, 360.34625pt x 252.945pt>
File: output_63_13.png Graphic file (type png)
<use output_63_13.png>
Package pdftex.def Info: output_63_13.png  used on input line 3218.
(pdftex.def)             Requested size: 360.34537pt x 252.94438pt.
[72 <./output_63_7.png> <./output_63_10.png>]
Underfull \hbox (badness 10000) in paragraph at lines 3220--3221

 []

<output_63_16.png, id=605, 360.34625pt x 252.945pt>
File: output_63_16.png Graphic file (type png)
<use output_63_16.png>
Package pdftex.def Info: output_63_16.png  used on input line 3237.
(pdftex.def)             Requested size: 360.34537pt x 252.94438pt.

Underfull \hbox (badness 10000) in paragraph at lines 3239--3240

 []

<output_63_18.png, id=606, 376.40625pt x 252.945pt>
File: output_63_18.png Graphic file (type png)
<use output_63_18.png>
Package pdftex.def Info: output_63_18.png  used on input line 3251.
(pdftex.def)             Requested size: 376.40532pt x 252.94438pt.
[73 <./output_63_13.png> <./output_63_16.png>]
Underfull \hbox (badness 10000) in paragraph at lines 3253--3254

 []

<output_65_1.png, id=614, 350.30875pt x 321.2pt>
File: output_65_1.png Graphic file (type png)
<use output_65_1.png>
Package pdftex.def Info: output_65_1.png  used on input line 3270.
(pdftex.def)             Requested size: 350.30789pt x 321.19922pt.

Underfull \hbox (badness 10000) in paragraph at lines 3272--3273

 []

<output_65_4.png, id=615, 360.34625pt x 252.945pt>
File: output_65_4.png Graphic file (type png)
<use output_65_4.png>
Package pdftex.def Info: output_65_4.png  used on input line 3289.
(pdftex.def)             Requested size: 360.34537pt x 252.94438pt.
[74 <./output_63_18.png> <./output_65_1.png>]
Underfull \hbox (badness 10000) in paragraph at lines 3291--3292

 []

<output_65_7.png, id=623, 360.34625pt x 252.945pt>
File: output_65_7.png Graphic file (type png)
<use output_65_7.png>
Package pdftex.def Info: output_65_7.png  used on input line 3308.
(pdftex.def)             Requested size: 360.34537pt x 252.94438pt.

Underfull \hbox (badness 10000) in paragraph at lines 3310--3311

 []

<output_65_10.png, id=624, 360.34625pt x 252.945pt>
File: output_65_10.png Graphic file (type png)
<use output_65_10.png>
Package pdftex.def Info: output_65_10.png  used on input line 3327.
(pdftex.def)             Requested size: 360.34537pt x 252.94438pt.
[75 <./output_65_4.png> <./output_65_7.png>]
Underfull \hbox (badness 10000) in paragraph at lines 3329--3330

 []

<output_65_13.png, id=631, 360.34625pt x 252.945pt>
File: output_65_13.png Graphic file (type png)
<use output_65_13.png>
Package pdftex.def Info: output_65_13.png  used on input line 3346.
(pdftex.def)             Requested size: 360.34537pt x 252.94438pt.

Underfull \hbox (badness 10000) in paragraph at lines 3348--3349

 []

<output_65_16.png, id=632, 360.34625pt x 252.945pt>
File: output_65_16.png Graphic file (type png)
<use output_65_16.png>
Package pdftex.def Info: output_65_16.png  used on input line 3365.
(pdftex.def)             Requested size: 360.34537pt x 252.94438pt.
[76 <./output_65_10.png> <./output_65_13.png>]
Underfull \hbox (badness 10000) in paragraph at lines 3367--3368

 []

<output_65_18.png, id=639, 376.40625pt x 252.945pt>
File: output_65_18.png Graphic file (type png)
<use output_65_18.png>
Package pdftex.def Info: output_65_18.png  used on input line 3379.
(pdftex.def)             Requested size: 376.40532pt x 252.94438pt.

Underfull \hbox (badness 10000) in paragraph at lines 3381--3382

 []

Package atveryend Info: Empty hook `BeforeClearDocument' on input line 3392.
[77 <./output_65_16.png> <./output_65_18.png>]
Package atveryend Info: Empty hook `AfterLastShipout' on input line 3392.
 (./Programming2.aux)
Package atveryend Info: Executing hook `AtVeryEndDocument' on input line 3392.
Package atveryend Info: Executing hook `AtEndAfterFileList' on input line 3392.

Package rerunfilecheck Info: File `Programming2.out' has not changed.
(rerunfilecheck)             Checksum: D41D8CD98F00B204E9800998ECF8427E;0.


LaTeX Warning: There were multiply-defined labels.

Package atveryend Info: Empty hook `AtVeryVeryEnd' on input line 3392.
 ) 
Here is how much of TeX's memory you used:
 11651 strings out of 492982
 177390 string characters out of 6134895
 272226 words of memory out of 5000000
 14873 multiletter control sequences out of 15000+600000
 36578 words of font info for 93 fonts, out of 8000000 for 9000
 1141 hyphenation exceptions out of 8191
 36i,6n,77p,451b,467s stack positions out of 5000i,500n,10000p,200000b,80000s
{/usr/share/texlive/texmf-dist/fonts/enc/dvips/base/8r.enc}{/usr/share/texmf/
fonts/enc/dvips/cm-super/cm-super-t1.enc}{/usr/share/texmf/fonts/enc/dvips/cm-s
uper/cm-super-ts1.enc}</usr/share/texlive/texmf-dist/fonts/type1/public/amsfont
s/cm/cmr10.pfb></usr/share/texmf/fonts/type1/public/cm-super/sfit1095.pfb></usr
/share/texmf/fonts/type1/public/cm-super/sftt1095.pfb></usr/share/texlive/texmf
-dist/fonts/type1/urw/palatino/uplb8a.pfb></usr/share/texlive/texmf-dist/fonts/
type1/urw/palatino/uplr8a.pfb></usr/share/texlive/texmf-dist/fonts/type1/urw/pa
latino/uplri8a.pfb>
Output written on Programming2.pdf (77 pages, 1152107 bytes).
PDF statistics:
 698 PDF objects out of 1000 (max. 8388607)
 327 compressed objects within 4 object streams
 107 named destinations out of 1000 (max. 500000)
 706 words of extra memory for PDF output out of 10000 (max. 10000000)

