\BOOKMARK [1][-]{section.1}{Introduction}{}% 1
\BOOKMARK [1][-]{section.2}{Data Preparation}{}% 2
\BOOKMARK [1][-]{section.3}{Label Aggregation}{}% 3
\BOOKMARK [1][-]{section.4}{Model Construction}{}% 4
\BOOKMARK [2][-]{subsection.4.1}{Baseline Model \(Model B: trained by DS1\)}{section.4}% 5
\BOOKMARK [3][-]{subsubsection.4.1.1}{Dataset}{subsection.4.1}% 6
\BOOKMARK [3][-]{subsubsection.4.1.2}{Parameters}{subsection.4.1}% 7
\BOOKMARK [3][-]{subsubsection.4.1.3}{Pipeline}{subsection.4.1}% 8
\BOOKMARK [2][-]{subsection.4.2}{Improved Model \(Model A: trained by DS1+DS2\)}{section.4}% 9
\BOOKMARK [3][-]{subsubsection.4.2.1}{Dataset}{subsection.4.2}% 10
\BOOKMARK [3][-]{subsubsection.4.2.2}{Token Pattern}{subsection.4.2}% 11
\BOOKMARK [3][-]{subsubsection.4.2.3}{Max Depth}{subsection.4.2}% 12
\BOOKMARK [3][-]{subsubsection.4.2.4}{N-Gram}{subsection.4.2}% 13
\BOOKMARK [3][-]{subsubsection.4.2.5}{Stop Words}{subsection.4.2}% 14
\BOOKMARK [3][-]{subsubsection.4.2.6}{Pipeline}{subsection.4.2}% 15
\BOOKMARK [1][-]{section.5}{Model Assessment}{}% 16
\BOOKMARK [2][-]{subsection.5.1}{Baseline Model \(Model B: trained by DS1\)}{section.5}% 17
\BOOKMARK [2][-]{subsection.5.2}{Improved Model \(Model A: trained by DS1+DS2\)}{section.5}% 18
\BOOKMARK [1][-]{section.6}{Model Interpretation}{}% 19
\BOOKMARK [2][-]{subsection.6.1}{Baseline Model \(Model B: trained by DS1\)}{section.6}% 20
\BOOKMARK [3][-]{subsubsection.6.1.1}{Fold 1}{subsection.6.1}% 21
\BOOKMARK [3][-]{subsubsection.6.1.2}{Fold 2}{subsection.6.1}% 22
\BOOKMARK [3][-]{subsubsection.6.1.3}{Fold 3}{subsection.6.1}% 23
\BOOKMARK [3][-]{subsubsection.6.1.4}{Fold 4}{subsection.6.1}% 24
\BOOKMARK [3][-]{subsubsection.6.1.5}{Fold 5}{subsection.6.1}% 25
\BOOKMARK [2][-]{subsection.6.2}{Improved Model \(Model A: trained by DS1+DS2\)}{section.6}% 26
\BOOKMARK [3][-]{subsubsection.6.2.1}{Fold 1}{subsection.6.2}% 27
\BOOKMARK [3][-]{subsubsection.6.2.2}{Fold 2}{subsection.6.2}% 28
\BOOKMARK [3][-]{subsubsection.6.2.3}{Fold 3}{subsection.6.2}% 29
\BOOKMARK [3][-]{subsubsection.6.2.4}{Fold 4}{subsection.6.2}% 30
\BOOKMARK [3][-]{subsubsection.6.2.5}{Fold 5}{subsection.6.2}% 31
\BOOKMARK [1][-]{section.7}{Conclusion/Future Work}{}% 32
\BOOKMARK [1][-]{section.8}{Appendix}{}% 33
\BOOKMARK [1][-]{appendix.A}{Python Code}{}% 34
